  pch.cpp
  ClientNetwork.cpp
C:\Users\USER\Documents\GitHub\X-MACHINA\Client\X-NetworkLibrary\Network\ClientNetwork.cpp(18,20): warning C4018: '<': signed 또는 unsigned가 일치하지 않습니다.
  (소스 파일 '/Network/ClientNetwork.cpp'을(를) 컴파일하는 중)
  
  Listener.cpp
  Lock.cpp
  LogManager.cpp
  MemoryManager.cpp
  NetworkInterface.cpp
  NetworkManager.cpp
  NetworkObject.cpp
  OverlappedObject.cpp
  PacketHeader.cpp
  PacketRecvBuf.cpp
  PacketSendBuf.cpp
  SendBuffersFactory.cpp
  ServerNetwork.cpp
  Session.cpp
  SessionController.cpp
C:\Users\USER\Documents\GitHub\X-MACHINA\Client\X-NetworkLibrary\Network\SessionController.cpp(33,22): warning C4018: '<': signed 또는 unsigned가 일치하지 않습니다.
  (소스 파일 '/Network/SessionController.cpp'을(를) 컴파일하는 중)
  
  SListMemoryPool.cpp
  SocketData.cpp
  ThreadManager.cpp
  X-NetworkLibrary.vcxproj -> C:\Users\USER\Documents\GitHub\X-MACHINA\Client\X-MACHINA\ClientNetwork\Lib\Release\X-NetworkLibrary.lib
