c:\github\directx12_project\client\x-networklibrary\x64\release\clientnetwork.obj
c:\github\directx12_project\client\x-networklibrary\x64\release\listener.obj
c:\github\directx12_project\client\x-networklibrary\x64\release\lock.obj
c:\github\directx12_project\client\x-networklibrary\x64\release\logmanager.obj
c:\github\directx12_project\client\x-networklibrary\x64\release\memorymanager.obj
c:\github\directx12_project\client\x-networklibrary\x64\release\networkinterface.obj
c:\github\directx12_project\client\x-networklibrary\x64\release\networkmanager.obj
c:\github\directx12_project\client\x-networklibrary\x64\release\networkobject.obj
c:\github\directx12_project\client\x-networklibrary\x64\release\overlappedobject.obj
c:\github\directx12_project\client\x-networklibrary\x64\release\packetheader.obj
c:\github\directx12_project\client\x-networklibrary\x64\release\packetrecvbuf.obj
c:\github\directx12_project\client\x-networklibrary\x64\release\packetsendbuf.obj
c:\github\directx12_project\client\x-networklibrary\x64\release\pch.obj
c:\github\directx12_project\client\x-networklibrary\x64\release\sendbuffersfactory.obj
c:\github\directx12_project\client\x-networklibrary\x64\release\servernetwork.obj
c:\github\directx12_project\client\x-networklibrary\x64\release\session.obj
c:\github\directx12_project\client\x-networklibrary\x64\release\sessioncontroller.obj
c:\github\directx12_project\client\x-networklibrary\x64\release\slistmemorypool.obj
c:\github\directx12_project\client\x-networklibrary\x64\release\socketdata.obj
c:\github\directx12_project\client\x-networklibrary\x64\release\threadmanager.obj
c:\github\directx12_project\client\x-networklibrary\x64\release\x-networklibrary.pch
c:\github\directx12_project\client\x-networklibrary\executable\release\x-networklibrary.pdb
