c:\mygithub\xmachina\client\directx12_project\client\x-engine\x64\debug\x-engine.pch
c:\mygithub\xmachina\client\directx12_project\client\x-machina\lib\debug\x-engine.pdb
c:\mygithub\xmachina\client\directx12_project\client\x-machina\lib\debug\x-engine.idb
c:\mygithub\xmachina\client\directx12_project\client\x-engine\x64\debug\stdafx.obj
c:\mygithub\xmachina\client\directx12_project\client\x-engine\x64\debug\imgui_widgets.obj
c:\mygithub\xmachina\client\directx12_project\client\x-engine\x64\debug\imgui_tables.obj
c:\mygithub\xmachina\client\directx12_project\client\x-engine\x64\debug\imgui_impl_win32.obj
c:\mygithub\xmachina\client\directx12_project\client\x-engine\x64\debug\imgui_impl_dx12.obj
c:\mygithub\xmachina\client\directx12_project\client\x-engine\x64\debug\imgui_draw.obj
c:\mygithub\xmachina\client\directx12_project\client\x-engine\x64\debug\imgui_demo.obj
c:\mygithub\xmachina\client\directx12_project\client\x-engine\x64\debug\imgui.obj
c:\mygithub\xmachina\client\directx12_project\client\x-engine\x64\debug\grid.obj
c:\mygithub\xmachina\client\directx12_project\client\x-engine\x64\debug\frameresource.obj
c:\mygithub\xmachina\client\directx12_project\client\x-engine\x64\debug\fileio.obj
c:\mygithub\xmachina\client\directx12_project\client\x-engine\x64\debug\dxgimgr.obj
c:\mygithub\xmachina\client\directx12_project\client\x-engine\x64\debug\descriptorheap.obj
c:\mygithub\xmachina\client\directx12_project\client\x-engine\x64\debug\ddstextureloader12.obj
c:\mygithub\xmachina\client\directx12_project\client\x-engine\x64\debug\component.obj
c:\mygithub\xmachina\client\directx12_project\client\x-engine\x64\debug\collider.obj
c:\mygithub\xmachina\client\directx12_project\client\x-engine\x64\debug\camera.obj
c:\mygithub\xmachina\client\directx12_project\client\x-engine\x64\debug\animatormotion.obj
c:\mygithub\xmachina\client\directx12_project\client\x-engine\x64\debug\animatorlayer.obj
c:\mygithub\xmachina\client\directx12_project\client\x-engine\x64\debug\animator.obj
c:\mygithub\xmachina\client\directx12_project\client\x-engine\x64\debug\animatorcontroller.obj
c:\mygithub\xmachina\client\directx12_project\client\x-engine\x64\debug\animationclip.obj
c:\mygithub\xmachina\client\directx12_project\client\x-engine\x64\debug\blurfilter.obj
c:\mygithub\xmachina\client\directx12_project\client\x-engine\x64\debug\animatorstatemachine.obj
c:\mygithub\xmachina\client\directx12_project\client\x-engine\x64\debug\animatorstate.obj
c:\mygithub\xmachina\client\directx12_project\client\x-engine\x64\debug\animatorblendtree.obj
c:\mygithub\xmachina\client\directx12_project\client\x-engine\x64\debug\logmgr.obj
c:\mygithub\xmachina\client\directx12_project\client\x-engine\x64\debug\imguimanager.obj
c:\mygithub\xmachina\client\directx12_project\client\x-engine\x64\debug\terrain.obj
c:\mygithub\xmachina\client\directx12_project\client\x-engine\x64\debug\ssao.obj
c:\mygithub\xmachina\client\directx12_project\client\x-engine\x64\debug\skybox.obj
c:\mygithub\xmachina\client\directx12_project\client\x-engine\x64\debug\simplemath.obj
c:\mygithub\xmachina\client\directx12_project\client\x-engine\x64\debug\shader.obj
c:\mygithub\xmachina\client\directx12_project\client\x-engine\x64\debug\scene.obj
c:\mygithub\xmachina\client\directx12_project\client\x-engine\x64\debug\rootsignature.obj
c:\mygithub\xmachina\client\directx12_project\client\x-engine\x64\debug\rigidbody.obj
c:\mygithub\xmachina\client\directx12_project\client\x-engine\x64\debug\resources.obj
c:\mygithub\xmachina\client\directx12_project\client\x-engine\x64\debug\resourcemgr.obj
c:\mygithub\xmachina\client\directx12_project\client\x-engine\x64\debug\particlesystem.obj
c:\mygithub\xmachina\client\directx12_project\client\x-engine\x64\debug\objectpool.obj
c:\mygithub\xmachina\client\directx12_project\client\x-engine\x64\debug\object.obj
c:\mygithub\xmachina\client\directx12_project\client\x-engine\x64\debug\multiplerendertarget.obj
c:\mygithub\xmachina\client\directx12_project\client\x-engine\x64\debug\model.obj
c:\mygithub\xmachina\client\directx12_project\client\x-engine\x64\debug\meshrenderer.obj
c:\mygithub\xmachina\client\directx12_project\client\x-engine\x64\debug\mesh.obj
c:\mygithub\xmachina\client\directx12_project\client\x-engine\x64\debug\lutfilter.obj
c:\mygithub\xmachina\client\directx12_project\client\x-engine\x64\debug\light.obj
c:\mygithub\xmachina\client\directx12_project\client\x-engine\x64\debug\inputmgr.obj
c:\mygithub\xmachina\client\directx12_project\client\x-engine\x64\debug\x-engine.obj
c:\mygithub\xmachina\client\directx12_project\client\x-engine\x64\debug\weapon.obj
c:\mygithub\xmachina\client\directx12_project\client\x-engine\x64\debug\ui.obj
c:\mygithub\xmachina\client\directx12_project\client\x-engine\x64\debug\transform.obj
c:\mygithub\xmachina\client\directx12_project\client\x-engine\x64\debug\timer.obj
c:\mygithub\xmachina\client\directx12_project\client\x-engine\x64\debug\texture.obj
c:\mygithub\xmachina\client\directx12_project\client\x-engine\x64\debug\testcube.obj
c:\mygithub\xmachina\client\directx12_project\client\x-machina\shaders\cso\cshader_horzblur.cso
c:\mygithub\xmachina\client\directx12_project\client\x-machina\shaders\cso\cshader_lut.cso
c:\mygithub\xmachina\client\directx12_project\client\x-machina\shaders\cso\cshader_particle.cso
c:\mygithub\xmachina\client\directx12_project\client\x-machina\shaders\cso\cshader_vertblur.cso
c:\mygithub\xmachina\client\directx12_project\client\x-machina\shaders\cso\gshader_particle.cso
c:\mygithub\xmachina\client\directx12_project\client\x-machina\shaders\cso\gshader_stretchedparticle.cso
c:\mygithub\xmachina\client\directx12_project\client\x-machina\shaders\cso\pshader_billboard.cso
c:\mygithub\xmachina\client\directx12_project\client\x-machina\shaders\cso\pshader_canvas.cso
c:\mygithub\xmachina\client\directx12_project\client\x-machina\shaders\cso\pshader_dirlighting.cso
c:\mygithub\xmachina\client\directx12_project\client\x-machina\shaders\cso\pshader_instance.cso
c:\mygithub\xmachina\client\directx12_project\client\x-machina\shaders\cso\pshader_deferred.cso
c:\mygithub\xmachina\client\directx12_project\client\x-machina\shaders\cso\pshader_final.cso
c:\mygithub\xmachina\client\directx12_project\client\x-machina\shaders\cso\pshader_offscreen.cso
c:\mygithub\xmachina\client\directx12_project\client\x-machina\shaders\cso\pshader_particle.cso
c:\mygithub\xmachina\client\directx12_project\client\x-machina\shaders\cso\pshader_shadow.cso
c:\mygithub\xmachina\client\directx12_project\client\x-machina\shaders\cso\pshader_spotpointlighting.cso
c:\mygithub\xmachina\client\directx12_project\client\x-machina\shaders\cso\pshader_skybox.cso
c:\mygithub\xmachina\client\directx12_project\client\x-machina\shaders\cso\pshader_ssao.cso
c:\mygithub\xmachina\client\directx12_project\client\x-machina\shaders\cso\pshader_ssaoblur.cso
c:\mygithub\xmachina\client\directx12_project\client\x-machina\shaders\cso\pshader_standard.cso
c:\mygithub\xmachina\client\directx12_project\client\x-machina\shaders\cso\pshader_terrain.cso
c:\mygithub\xmachina\client\directx12_project\client\x-machina\shaders\cso\pshader_water.cso
c:\mygithub\xmachina\client\directx12_project\client\x-machina\shaders\cso\pshader_wired.cso
c:\mygithub\xmachina\client\directx12_project\client\x-machina\shaders\cso\vshader_billboard.cso
c:\mygithub\xmachina\client\directx12_project\client\x-machina\shaders\cso\vshader_canvas.cso
c:\mygithub\xmachina\client\directx12_project\client\x-machina\shaders\cso\vshader_instance.cso
c:\mygithub\xmachina\client\directx12_project\client\x-machina\shaders\cso\vshader_particle.cso
c:\mygithub\xmachina\client\directx12_project\client\x-machina\shaders\cso\vshader_shadow.cso
c:\mygithub\xmachina\client\directx12_project\client\x-machina\shaders\cso\vshader_shadow_skinnedmesh.cso
c:\mygithub\xmachina\client\directx12_project\client\x-machina\shaders\cso\vshader_spotpointlighting.cso
c:\mygithub\xmachina\client\directx12_project\client\x-machina\shaders\cso\vshader_ssao.cso
c:\mygithub\xmachina\client\directx12_project\client\x-machina\shaders\cso\vshader_tex.cso
c:\mygithub\xmachina\client\directx12_project\client\x-machina\shaders\cso\vshader_skinnedmesh.cso
c:\mygithub\xmachina\client\directx12_project\client\x-machina\shaders\cso\vshader_skybox.cso
c:\mygithub\xmachina\client\directx12_project\client\x-machina\shaders\cso\vshader_sprite.cso
c:\mygithub\xmachina\client\directx12_project\client\x-machina\shaders\cso\vshader_standard.cso
c:\mygithub\xmachina\client\directx12_project\client\x-machina\shaders\cso\vshader_standardinstance.cso
c:\mygithub\xmachina\client\directx12_project\client\x-machina\shaders\cso\vshader_terrain.cso
c:\mygithub\xmachina\client\directx12_project\client\x-machina\shaders\cso\vshader_water.cso
c:\mygithub\xmachina\client\directx12_project\client\x-machina\shaders\cso\vshader_wired.cso
c:\mygithub\xmachina\client\directx12_project\client\x-machina\lib\debug\x-engine.lib
c:\mygithub\xmachina\client\directx12_project\client\x-engine\x64\debug\x-engine.tlog\cl.command.1.tlog
c:\mygithub\xmachina\client\directx12_project\client\x-engine\x64\debug\x-engine.tlog\cl.items.tlog
c:\mygithub\xmachina\client\directx12_project\client\x-engine\x64\debug\x-engine.tlog\cl.read.1.tlog
c:\mygithub\xmachina\client\directx12_project\client\x-engine\x64\debug\x-engine.tlog\cl.write.1.tlog
c:\mygithub\xmachina\client\directx12_project\client\x-engine\x64\debug\x-engine.tlog\fxc.command.1.tlog
c:\mygithub\xmachina\client\directx12_project\client\x-engine\x64\debug\x-engine.tlog\fxc.read.1.tlog
c:\mygithub\xmachina\client\directx12_project\client\x-engine\x64\debug\x-engine.tlog\fxc.write.1.tlog
c:\mygithub\xmachina\client\directx12_project\client\x-engine\x64\debug\x-engine.tlog\lib-link.read.1.tlog
c:\mygithub\xmachina\client\directx12_project\client\x-engine\x64\debug\x-engine.tlog\lib-link.write.1.tlog
c:\mygithub\xmachina\client\directx12_project\client\x-engine\x64\debug\x-engine.tlog\lib.command.1.tlog
